<?xml version="1.0" encoding="UTF-8"?>
<!-- Generated by org.testng.reporters.JUnitXMLReporter -->
<testsuite ignored="0" hostname="DESKTOP-IB1ME6F" failures="0" tests="2" name="Default test" time="68.576" errors="0" timestamp="24 Feb 2024 10:40:23 GMT">
  <testcase classname="cucumber.api.testng.AbstractTestNGCucumberTests" name="runScenario" time="35.365"/>
  <testcase classname="cucumber.api.testng.AbstractTestNGCucumberTests" name="runScenario" time="32.964"/>
</testsuite> <!-- Default test -->
