<?xml version="1.0" encoding="UTF-8"?>
<testng-results ignored="0" total="2" passed="2" failed="0" skipped="0">
  <reporter-output>
  </reporter-output>
  <suite started-at="2024-02-24T10:39:14Z" name="Default suite" finished-at="2024-02-24T10:40:23Z" duration-ms="68576">
    <groups>
      <group name="cucumber">
        <method signature="AbstractTestNGCucumberTests.runScenario(cucumber.api.testng.PickleEventWrapper, cucumber.api.testng.CucumberFeatureWrapper)[pri:0, instance:test.Cucumber.Runner@6caf0677]" name="runScenario" class="cucumber.api.testng.AbstractTestNGCucumberTests"/>
      </group> <!-- cucumber -->
    </groups>
    <test started-at="2024-02-24T10:39:14Z" name="Default test" finished-at="2024-02-24T10:40:23Z" duration-ms="68576">
      <class name="test.Cucumber.Runner">
        <test-method is-config="true" signature="setUpClass()[pri:0, instance:test.Cucumber.Runner@6caf0677]" started-at="2024-02-24T17:39:14Z" name="setUpClass" finished-at="2024-02-24T17:39:15Z" duration-ms="156" status="PASS">
          <reporter-output>
          </reporter-output>
        </test-method> <!-- setUpClass -->
        <test-method signature="runScenario(cucumber.api.testng.PickleEventWrapper, cucumber.api.testng.CucumberFeatureWrapper)[pri:0, instance:test.Cucumber.Runner@6caf0677]" started-at="2024-02-24T17:39:15Z" name="runScenario" description="Runs Cucumber Scenarios" data-provider="scenarios" finished-at="2024-02-24T17:39:50Z" duration-ms="35365" status="PASS">
          <params>
            <param index="0">
              <value>
                <![CDATA["Success register"]]>
              </value>
            </param>
            <param index="1">
              <value>
                <![CDATA["Parabank Registration"]]>
              </value>
            </param>
          </params>
          <reporter-output>
          </reporter-output>
        </test-method> <!-- runScenario -->
        <test-method signature="runScenario(cucumber.api.testng.PickleEventWrapper, cucumber.api.testng.CucumberFeatureWrapper)[pri:0, instance:test.Cucumber.Runner@6caf0677]" started-at="2024-02-24T17:39:50Z" name="runScenario" description="Runs Cucumber Scenarios" data-provider="scenarios" finished-at="2024-02-24T17:40:23Z" duration-ms="32964" status="PASS">
          <params>
            <param index="0">
              <value>
                <![CDATA["Failed register - Missmatch Password"]]>
              </value>
            </param>
            <param index="1">
              <value>
                <![CDATA["Parabank Registration"]]>
              </value>
            </param>
          </params>
          <reporter-output>
          </reporter-output>
        </test-method> <!-- runScenario -->
        <test-method is-config="true" signature="tearDownClass()[pri:0, instance:test.Cucumber.Runner@6caf0677]" started-at="2024-02-24T17:40:23Z" name="tearDownClass" finished-at="2024-02-24T17:40:23Z" duration-ms="6" status="PASS">
          <reporter-output>
          </reporter-output>
        </test-method> <!-- tearDownClass -->
      </class> <!-- test.Cucumber.Runner -->
    </test> <!-- Default test -->
  </suite> <!-- Default suite -->
</testng-results>
